0 info it worked if it ends with ok
1 verbose cli [ '/Users/girishpottigari/.nvm/versions/node/v6.5.0/bin/node',
1 verbose cli   '/Users/girishpottigari/.nvm/versions/node/v6.5.0/bin/npm',
1 verbose cli   'run',
1 verbose cli   'test' ]
2 info using npm@3.10.3
3 info using node@v6.5.0
4 verbose run-script [ 'pretest', 'test', 'posttest' ]
5 info lifecycle wdio-mocha-uiautomation@1.0.0~pretest: wdio-mocha-uiautomation@1.0.0
6 verbose lifecycle wdio-mocha-uiautomation@1.0.0~pretest: unsafe-perm in lifecycle true
7 verbose lifecycle wdio-mocha-uiautomation@1.0.0~pretest: PATH: /Users/girishpottigari/.nvm/versions/node/v6.5.0/lib/node_modules/npm/bin/node-gyp-bin:/Users/girishpottigari/_source/automation-projects/webdriverio/wdio-mocha/node_modules/.bin:/Users/girishpottigari/.nvm/versions/node/v6.5.0/bin:/Users/girishpottigari/.rvm/gems/ruby-2.2.2/bin:/Users/girishpottigari/.rvm/gems/ruby-2.2.2@global/bin:/Users/girishpottigari/.rvm/rubies/ruby-2.2.2/bin:/Users/girishpottigari/.nvm/versions/node/v6.5.0/bin:/usr/local/bin:/usr/bin:/bin:/usr/sbin:/sbin:/Users/girishpottigari/.rvm/bin
8 verbose lifecycle wdio-mocha-uiautomation@1.0.0~pretest: CWD: /Users/girishpottigari/_source/automation-projects/webdriverio/wdio-mocha
9 silly lifecycle wdio-mocha-uiautomation@1.0.0~pretest: Args: [ '-c', 'rm -rf test-output' ]
10 silly lifecycle wdio-mocha-uiautomation@1.0.0~pretest: Returned: code: 0  signal: null
11 info lifecycle wdio-mocha-uiautomation@1.0.0~test: wdio-mocha-uiautomation@1.0.0
12 verbose lifecycle wdio-mocha-uiautomation@1.0.0~test: unsafe-perm in lifecycle true
13 verbose lifecycle wdio-mocha-uiautomation@1.0.0~test: PATH: /Users/girishpottigari/.nvm/versions/node/v6.5.0/lib/node_modules/npm/bin/node-gyp-bin:/Users/girishpottigari/_source/automation-projects/webdriverio/wdio-mocha/node_modules/.bin:/Users/girishpottigari/.nvm/versions/node/v6.5.0/bin:/Users/girishpottigari/.rvm/gems/ruby-2.2.2/bin:/Users/girishpottigari/.rvm/gems/ruby-2.2.2@global/bin:/Users/girishpottigari/.rvm/rubies/ruby-2.2.2/bin:/Users/girishpottigari/.nvm/versions/node/v6.5.0/bin:/usr/local/bin:/usr/bin:/bin:/usr/sbin:/sbin:/Users/girishpottigari/.rvm/bin
14 verbose lifecycle wdio-mocha-uiautomation@1.0.0~test: CWD: /Users/girishpottigari/_source/automation-projects/webdriverio/wdio-mocha
15 silly lifecycle wdio-mocha-uiautomation@1.0.0~test: Args: [ '-c', 'wdio wdio.mobile.config' ]
16 silly lifecycle wdio-mocha-uiautomation@1.0.0~test: Returned: code: 1  signal: null
17 info lifecycle wdio-mocha-uiautomation@1.0.0~test: Failed to exec test script
18 verbose stack Error: wdio-mocha-uiautomation@1.0.0 test: `wdio wdio.mobile.config`
18 verbose stack Exit status 1
18 verbose stack     at EventEmitter.<anonymous> (/Users/girishpottigari/.nvm/versions/node/v6.5.0/lib/node_modules/npm/lib/utils/lifecycle.js:242:16)
18 verbose stack     at emitTwo (events.js:106:13)
18 verbose stack     at EventEmitter.emit (events.js:191:7)
18 verbose stack     at ChildProcess.<anonymous> (/Users/girishpottigari/.nvm/versions/node/v6.5.0/lib/node_modules/npm/lib/utils/spawn.js:40:14)
18 verbose stack     at emitTwo (events.js:106:13)
18 verbose stack     at ChildProcess.emit (events.js:191:7)
18 verbose stack     at maybeClose (internal/child_process.js:877:16)
18 verbose stack     at Process.ChildProcess._handle.onexit (internal/child_process.js:226:5)
19 verbose pkgid wdio-mocha-uiautomation@1.0.0
20 verbose cwd /Users/girishpottigari/_source/automation-projects/webdriverio/wdio-mocha
21 error Darwin 14.5.0
22 error argv "/Users/girishpottigari/.nvm/versions/node/v6.5.0/bin/node" "/Users/girishpottigari/.nvm/versions/node/v6.5.0/bin/npm" "run" "test"
23 error node v6.5.0
24 error npm  v3.10.3
25 error code ELIFECYCLE
26 error wdio-mocha-uiautomation@1.0.0 test: `wdio wdio.mobile.config`
26 error Exit status 1
27 error Failed at the wdio-mocha-uiautomation@1.0.0 test script 'wdio wdio.mobile.config'.
27 error Make sure you have the latest version of node.js and npm installed.
27 error If you do, this is most likely a problem with the wdio-mocha-uiautomation package,
27 error not with npm itself.
27 error Tell the author that this fails on your system:
27 error     wdio wdio.mobile.config
27 error You can get information on how to open an issue for this project with:
27 error     npm bugs wdio-mocha-uiautomation
27 error Or if that isn't available, you can get their info via:
27 error     npm owner ls wdio-mocha-uiautomation
27 error There is likely additional logging output above.
28 verbose exit [ 1, true ]
